<?xml version="1.0" encoding="UTF-8"?>
<coverage generated="1554848714139" clover="3.2.0">
  <project timestamp="1554848714139" name="All files">
    <metrics statements="124" coveredstatements="100" conditionals="58" coveredconditionals="38" methods="20" coveredmethods="18" elements="202" coveredelements="156" complexity="0" loc="124" ncloc="124" packages="3" files="5" classes="5"/>
    <package name="src">
      <metrics statements="80" coveredstatements="62" conditionals="36" coveredconditionals="17" methods="15" coveredmethods="13"/>
      <file name="Main.jsx" path="/Users/benpoling/Documents/GHRPHX01/front-end-stretch/client/src/Main.jsx">
        <metrics statements="80" coveredstatements="62" conditionals="36" coveredconditionals="17" methods="15" coveredmethods="13"/>
        <line num="6" count="1" type="stmt"/>
        <line num="7" count="1" type="stmt"/>
        <line num="8" count="4" type="stmt"/>
        <line num="12" count="14" type="stmt"/>
        <line num="13" count="14" type="stmt"/>
        <line num="26" count="14" type="stmt"/>
        <line num="27" count="14" type="stmt"/>
        <line num="28" count="14" type="stmt"/>
        <line num="29" count="14" type="stmt"/>
        <line num="30" count="14" type="stmt"/>
        <line num="31" count="14" type="stmt"/>
        <line num="32" count="14" type="stmt"/>
        <line num="36" count="4" type="stmt"/>
        <line num="37" count="4" type="stmt"/>
        <line num="38" count="4" type="stmt"/>
        <line num="39" count="4" type="stmt"/>
        <line num="40" count="4" type="stmt"/>
        <line num="41" count="4" type="cond" truecount="2" falsecount="0"/>
        <line num="42" count="1" type="cond" truecount="1" falsecount="1"/>
        <line num="43" count="1" type="stmt"/>
        <line num="45" count="0" type="stmt"/>
        <line num="47" count="3" type="cond" truecount="2" falsecount="0"/>
        <line num="48" count="1" type="cond" truecount="1" falsecount="1"/>
        <line num="49" count="1" type="stmt"/>
        <line num="51" count="0" type="stmt"/>
        <line num="53" count="2" type="cond" truecount="2" falsecount="0"/>
        <line num="54" count="1" type="cond" truecount="1" falsecount="1"/>
        <line num="55" count="1" type="stmt"/>
        <line num="57" count="0" type="stmt"/>
        <line num="59" count="1" type="cond" truecount="1" falsecount="1"/>
        <line num="60" count="1" type="cond" truecount="1" falsecount="1"/>
        <line num="61" count="1" type="stmt"/>
        <line num="63" count="0" type="stmt"/>
        <line num="66" count="4" type="stmt"/>
        <line num="72" count="4" type="stmt"/>
        <line num="73" count="4" type="stmt"/>
        <line num="74" count="4" type="stmt"/>
        <line num="80" count="4" type="stmt"/>
        <line num="81" count="16" type="cond" truecount="2" falsecount="0"/>
        <line num="82" count="12" type="stmt"/>
        <line num="85" count="4" type="stmt"/>
        <line num="86" count="4" type="stmt"/>
        <line num="91" count="0" type="stmt"/>
        <line num="92" count="0" type="cond" truecount="0" falsecount="4"/>
        <line num="93" count="0" type="stmt"/>
        <line num="95" count="0" type="cond" truecount="0" falsecount="2"/>
        <line num="96" count="0" type="stmt"/>
        <line num="100" count="0" type="stmt"/>
        <line num="107" count="1" type="stmt"/>
        <line num="108" count="1" type="cond" truecount="3" falsecount="1"/>
        <line num="109" count="0" type="stmt"/>
        <line num="111" count="1" type="cond" truecount="1" falsecount="1"/>
        <line num="112" count="0" type="stmt"/>
        <line num="116" count="1" type="stmt"/>
        <line num="123" count="1" type="stmt"/>
        <line num="124" count="1" type="stmt"/>
        <line num="125" count="1" type="stmt"/>
        <line num="129" count="1" type="stmt"/>
        <line num="130" count="1" type="stmt"/>
        <line num="135" count="0" type="stmt"/>
        <line num="136" count="0" type="cond" truecount="0" falsecount="4"/>
        <line num="137" count="0" type="stmt"/>
        <line num="139" count="0" type="cond" truecount="0" falsecount="2"/>
        <line num="140" count="0" type="stmt"/>
        <line num="144" count="0" type="stmt"/>
        <line num="150" count="1" type="stmt"/>
        <line num="151" count="1" type="stmt"/>
        <line num="152" count="1" type="stmt"/>
        <line num="159" count="1" type="stmt"/>
        <line num="160" count="1" type="stmt"/>
        <line num="161" count="1" type="stmt"/>
        <line num="166" count="1" type="stmt"/>
        <line num="167" count="1" type="stmt"/>
        <line num="171" count="1" type="stmt"/>
        <line num="176" count="33" type="stmt"/>
        <line num="177" count="33" type="stmt"/>
        <line num="178" count="33" type="stmt"/>
        <line num="179" count="33" type="stmt"/>
        <line num="180" count="33" type="stmt"/>
        <line num="181" count="33" type="stmt"/>
      </file>
    </package>
    <package name="src.components">
      <metrics statements="15" coveredstatements="15" conditionals="20" coveredconditionals="20" methods="3" coveredmethods="3"/>
      <file name="Beds.jsx" path="/Users/benpoling/Documents/GHRPHX01/front-end-stretch/client/src/components/Beds.jsx">
        <metrics statements="4" coveredstatements="4" conditionals="5" coveredconditionals="5" methods="1" coveredmethods="1"/>
        <line num="3" count="1" type="stmt"/>
        <line num="4" count="33" type="cond" truecount="5" falsecount="0"/>
        <line num="5" count="2" type="stmt"/>
        <line num="17" count="31" type="stmt"/>
      </file>
      <file name="HomeType.jsx" path="/Users/benpoling/Documents/GHRPHX01/front-end-stretch/client/src/components/HomeType.jsx">
        <metrics statements="4" coveredstatements="4" conditionals="5" coveredconditionals="5" methods="1" coveredmethods="1"/>
        <line num="3" count="1" type="stmt"/>
        <line num="4" count="33" type="cond" truecount="5" falsecount="0"/>
        <line num="5" count="9" type="stmt"/>
        <line num="14" count="24" type="stmt"/>
      </file>
      <file name="Prices.jsx" path="/Users/benpoling/Documents/GHRPHX01/front-end-stretch/client/src/components/Prices.jsx">
        <metrics statements="7" coveredstatements="7" conditionals="10" coveredconditionals="10" methods="1" coveredmethods="1"/>
        <line num="4" count="1" type="stmt"/>
        <line num="5" count="33" type="cond" truecount="5" falsecount="0"/>
        <line num="6" count="3" type="stmt"/>
        <line num="24" count="30" type="cond" truecount="5" falsecount="0"/>
        <line num="25" count="3" type="stmt"/>
        <line num="26" count="3" type="stmt"/>
        <line num="37" count="27" type="stmt"/>
      </file>
    </package>
    <package name="src.utils">
      <metrics statements="29" coveredstatements="23" conditionals="2" coveredconditionals="1" methods="2" coveredmethods="2"/>
      <file name="highSpanChange.jsx" path="/Users/benpoling/Documents/GHRPHX01/front-end-stretch/client/src/utils/highSpanChange.jsx">
        <metrics statements="29" coveredstatements="23" conditionals="2" coveredconditionals="1" methods="2" coveredmethods="2"/>
        <line num="3" count="1" type="stmt"/>
        <line num="4" count="27" type="stmt"/>
        <line num="5" count="27" type="stmt"/>
        <line num="6" count="27" type="cond" truecount="1" falsecount="1"/>
        <line num="7" count="0" type="stmt"/>
        <line num="8" count="0" type="stmt"/>
        <line num="9" count="0" type="stmt"/>
        <line num="10" count="0" type="stmt"/>
        <line num="11" count="0" type="stmt"/>
        <line num="12" count="0" type="stmt"/>
        <line num="14" count="27" type="stmt"/>
        <line num="15" count="27" type="stmt"/>
        <line num="16" count="27" type="stmt"/>
        <line num="17" count="27" type="stmt"/>
        <line num="18" count="27" type="stmt"/>
        <line num="19" count="27" type="stmt"/>
        <line num="23" count="1" type="stmt"/>
        <line num="24" count="3" type="stmt"/>
        <line num="25" count="3" type="stmt"/>
        <line num="26" count="3" type="stmt"/>
        <line num="27" count="3" type="stmt"/>
        <line num="28" count="3" type="stmt"/>
        <line num="29" count="3" type="stmt"/>
        <line num="34" count="3" type="stmt"/>
        <line num="35" count="3" type="stmt"/>
        <line num="36" count="24" type="stmt"/>
        <line num="37" count="24" type="stmt"/>
        <line num="38" count="24" type="stmt"/>
        <line num="44" count="3" type="stmt"/>
      </file>
    </package>
  </project>
</coverage>
