{"/Users/student/Desktop/search-bar/client/src/Main.jsx": {"path":"/Users/student/Desktop/search-bar/client/src/Main.jsx","statementMap":{"0":{"start":{"line":9,"column":0},"end":{"line":9,"column":68}},"1":{"start":{"line":9,"column":45},"end":{"line":9,"column":66}},"2":{"start":{"line":10,"column":0},"end":{"line":10,"column":67}},"3":{"start":{"line":10,"column":44},"end":{"line":10,"column":65}},"4":{"start":{"line":11,"column":0},"end":{"line":11,"column":63}},"5":{"start":{"line":11,"column":40},"end":{"line":11,"column":61}},"6":{"start":{"line":15,"column":4},"end":{"line":15,"column":12}},"7":{"start":{"line":16,"column":4},"end":{"line":26,"column":6}},"8":{"start":{"line":27,"column":4},"end":{"line":27,"column":57}},"9":{"start":{"line":28,"column":4},"end":{"line":28,"column":59}},"10":{"start":{"line":29,"column":4},"end":{"line":29,"column":49}},"11":{"start":{"line":30,"column":4},"end":{"line":30,"column":49}},"12":{"start":{"line":31,"column":4},"end":{"line":31,"column":37}},"13":{"start":{"line":35,"column":21},"end":{"line":35,"column":31}},"14":{"start":{"line":36,"column":4},"end":{"line":36,"column":29}},"15":{"start":{"line":37,"column":4},"end":{"line":61,"column":5}},"16":{"start":{"line":38,"column":6},"end":{"line":44,"column":9}},"17":{"start":{"line":45,"column":11},"end":{"line":61,"column":5}},"18":{"start":{"line":46,"column":6},"end":{"line":52,"column":9}},"19":{"start":{"line":53,"column":11},"end":{"line":61,"column":5}},"20":{"start":{"line":54,"column":6},"end":{"line":60,"column":9}},"21":{"start":{"line":65,"column":48},"end":{"line":65,"column":58}},"22":{"start":{"line":66,"column":24},"end":{"line":66,"column":30}},"23":{"start":{"line":67,"column":24},"end":{"line":67,"column":30}},"24":{"start":{"line":68,"column":23},"end":{"line":68,"column":32}},"25":{"start":{"line":69,"column":22},"end":{"line":69,"column":26}},"26":{"start":{"line":70,"column":4},"end":{"line":94,"column":5}},"27":{"start":{"line":71,"column":6},"end":{"line":75,"column":7}},"28":{"start":{"line":72,"column":8},"end":{"line":72,"column":27}},"29":{"start":{"line":74,"column":8},"end":{"line":74,"column":28}},"30":{"start":{"line":76,"column":11},"end":{"line":94,"column":5}},"31":{"start":{"line":77,"column":6},"end":{"line":81,"column":7}},"32":{"start":{"line":78,"column":8},"end":{"line":78,"column":25}},"33":{"start":{"line":80,"column":8},"end":{"line":80,"column":26}},"34":{"start":{"line":82,"column":11},"end":{"line":94,"column":5}},"35":{"start":{"line":83,"column":6},"end":{"line":87,"column":7}},"36":{"start":{"line":84,"column":8},"end":{"line":84,"column":26}},"37":{"start":{"line":86,"column":8},"end":{"line":86,"column":27}},"38":{"start":{"line":88,"column":11},"end":{"line":94,"column":5}},"39":{"start":{"line":89,"column":6},"end":{"line":93,"column":7}},"40":{"start":{"line":90,"column":8},"end":{"line":90,"column":27}},"41":{"start":{"line":92,"column":8},"end":{"line":92,"column":28}},"42":{"start":{"line":95,"column":4},"end":{"line":121,"column":6}},"43":{"start":{"line":104,"column":52},"end":{"line":104,"column":62}},"44":{"start":{"line":105,"column":27},"end":{"line":105,"column":29}},"45":{"start":{"line":106,"column":20},"end":{"line":111,"column":9}},"46":{"start":{"line":112,"column":21},"end":{"line":112,"column":37}},"47":{"start":{"line":113,"column":8},"end":{"line":117,"column":11}},"48":{"start":{"line":114,"column":10},"end":{"line":116,"column":11}},"49":{"start":{"line":115,"column":12},"end":{"line":115,"column":33}},"50":{"start":{"line":118,"column":22},"end":{"line":118,"column":85}},"51":{"start":{"line":119,"column":8},"end":{"line":119,"column":36}},"52":{"start":{"line":125,"column":21},"end":{"line":125,"column":49}},"53":{"start":{"line":126,"column":22},"end":{"line":126,"column":51}},"54":{"start":{"line":127,"column":4},"end":{"line":136,"column":6}},"55":{"start":{"line":133,"column":22},"end":{"line":133,"column":85}},"56":{"start":{"line":134,"column":8},"end":{"line":134,"column":36}},"57":{"start":{"line":140,"column":19},"end":{"line":140,"column":56}},"58":{"start":{"line":141,"column":4},"end":{"line":141,"column":55}},"59":{"start":{"line":142,"column":4},"end":{"line":146,"column":7}},"60":{"start":{"line":150,"column":15},"end":{"line":150,"column":52}},"61":{"start":{"line":151,"column":4},"end":{"line":151,"column":43}},"62":{"start":{"line":152,"column":4},"end":{"line":168,"column":6}},"63":{"start":{"line":159,"column":40},"end":{"line":159,"column":50}},"64":{"start":{"line":160,"column":27},"end":{"line":165,"column":10}},"65":{"start":{"line":166,"column":8},"end":{"line":166,"column":41}},"66":{"start":{"line":172,"column":64},"end":{"line":172,"column":74}},"67":{"start":{"line":173,"column":17},"end":{"line":173,"column":39}},"68":{"start":{"line":174,"column":4},"end":{"line":174,"column":18}},"69":{"start":{"line":175,"column":18},"end":{"line":175,"column":41}},"70":{"start":{"line":176,"column":4},"end":{"line":176,"column":19}},"71":{"start":{"line":177,"column":4},"end":{"line":253,"column":6}},"72":{"start":{"line":188,"column":62},"end":{"line":188,"column":78}}},"fnMap":{"0":{"name":"(anonymous_0)","decl":{"start":{"line":9,"column":40},"end":{"line":9,"column":41}},"loc":{"start":{"line":9,"column":45},"end":{"line":9,"column":66}},"line":9},"1":{"name":"(anonymous_1)","decl":{"start":{"line":10,"column":39},"end":{"line":10,"column":40}},"loc":{"start":{"line":10,"column":44},"end":{"line":10,"column":65}},"line":10},"2":{"name":"(anonymous_2)","decl":{"start":{"line":11,"column":35},"end":{"line":11,"column":36}},"loc":{"start":{"line":11,"column":40},"end":{"line":11,"column":61}},"line":11},"3":{"name":"(anonymous_3)","decl":{"start":{"line":14,"column":2},"end":{"line":14,"column":3}},"loc":{"start":{"line":14,"column":16},"end":{"line":32,"column":3}},"line":14},"4":{"name":"(anonymous_4)","decl":{"start":{"line":34,"column":2},"end":{"line":34,"column":3}},"loc":{"start":{"line":34,"column":10},"end":{"line":62,"column":3}},"line":34},"5":{"name":"(anonymous_5)","decl":{"start":{"line":64,"column":2},"end":{"line":64,"column":3}},"loc":{"start":{"line":64,"column":16},"end":{"line":122,"column":3}},"line":64},"6":{"name":"(anonymous_6)","decl":{"start":{"line":102,"column":6},"end":{"line":102,"column":7}},"loc":{"start":{"line":102,"column":12},"end":{"line":120,"column":7}},"line":102},"7":{"name":"(anonymous_7)","decl":{"start":{"line":113,"column":21},"end":{"line":113,"column":22}},"loc":{"start":{"line":113,"column":28},"end":{"line":117,"column":9}},"line":113},"8":{"name":"(anonymous_8)","decl":{"start":{"line":124,"column":2},"end":{"line":124,"column":3}},"loc":{"start":{"line":124,"column":16},"end":{"line":137,"column":3}},"line":124},"9":{"name":"(anonymous_9)","decl":{"start":{"line":132,"column":6},"end":{"line":132,"column":7}},"loc":{"start":{"line":132,"column":12},"end":{"line":135,"column":7}},"line":132},"10":{"name":"(anonymous_10)","decl":{"start":{"line":139,"column":2},"end":{"line":139,"column":3}},"loc":{"start":{"line":139,"column":20},"end":{"line":147,"column":3}},"line":139},"11":{"name":"(anonymous_11)","decl":{"start":{"line":149,"column":2},"end":{"line":149,"column":3}},"loc":{"start":{"line":149,"column":21},"end":{"line":169,"column":3}},"line":149},"12":{"name":"(anonymous_12)","decl":{"start":{"line":158,"column":6},"end":{"line":158,"column":7}},"loc":{"start":{"line":158,"column":12},"end":{"line":167,"column":7}},"line":158},"13":{"name":"(anonymous_13)","decl":{"start":{"line":171,"column":2},"end":{"line":171,"column":3}},"loc":{"start":{"line":171,"column":11},"end":{"line":254,"column":3}},"line":171},"14":{"name":"(anonymous_14)","decl":{"start":{"line":188,"column":53},"end":{"line":188,"column":54}},"loc":{"start":{"line":188,"column":62},"end":{"line":188,"column":78}},"line":188}},"branchMap":{"0":{"loc":{"start":{"line":37,"column":4},"end":{"line":61,"column":5}},"type":"if","locations":[{"start":{"line":37,"column":4},"end":{"line":61,"column":5}},{"start":{"line":37,"column":4},"end":{"line":61,"column":5}}],"line":37},"1":{"loc":{"start":{"line":37,"column":8},"end":{"line":37,"column":62}},"type":"binary-expr","locations":[{"start":{"line":37,"column":8},"end":{"line":37,"column":32}},{"start":{"line":37,"column":36},"end":{"line":37,"column":62}}],"line":37},"2":{"loc":{"start":{"line":38,"column":6},"end":{"line":44,"column":8}},"type":"cond-expr","locations":[{"start":{"line":39,"column":6},"end":{"line":41,"column":8}},{"start":{"line":42,"column":6},"end":{"line":44,"column":8}}],"line":38},"3":{"loc":{"start":{"line":45,"column":11},"end":{"line":61,"column":5}},"type":"if","locations":[{"start":{"line":45,"column":11},"end":{"line":61,"column":5}},{"start":{"line":45,"column":11},"end":{"line":61,"column":5}}],"line":45},"4":{"loc":{"start":{"line":45,"column":15},"end":{"line":45,"column":68}},"type":"binary-expr","locations":[{"start":{"line":45,"column":15},"end":{"line":45,"column":38}},{"start":{"line":45,"column":42},"end":{"line":45,"column":68}}],"line":45},"5":{"loc":{"start":{"line":46,"column":6},"end":{"line":52,"column":8}},"type":"cond-expr","locations":[{"start":{"line":47,"column":6},"end":{"line":49,"column":8}},{"start":{"line":50,"column":6},"end":{"line":52,"column":8}}],"line":46},"6":{"loc":{"start":{"line":53,"column":11},"end":{"line":61,"column":5}},"type":"if","locations":[{"start":{"line":53,"column":11},"end":{"line":61,"column":5}},{"start":{"line":53,"column":11},"end":{"line":61,"column":5}}],"line":53},"7":{"loc":{"start":{"line":53,"column":15},"end":{"line":53,"column":67}},"type":"binary-expr","locations":[{"start":{"line":53,"column":15},"end":{"line":53,"column":38}},{"start":{"line":53,"column":42},"end":{"line":53,"column":67}}],"line":53},"8":{"loc":{"start":{"line":54,"column":6},"end":{"line":60,"column":8}},"type":"cond-expr","locations":[{"start":{"line":55,"column":6},"end":{"line":57,"column":8}},{"start":{"line":58,"column":6},"end":{"line":60,"column":8}}],"line":54},"9":{"loc":{"start":{"line":70,"column":4},"end":{"line":94,"column":5}},"type":"if","locations":[{"start":{"line":70,"column":4},"end":{"line":94,"column":5}},{"start":{"line":70,"column":4},"end":{"line":94,"column":5}}],"line":70},"10":{"loc":{"start":{"line":71,"column":6},"end":{"line":75,"column":7}},"type":"if","locations":[{"start":{"line":71,"column":6},"end":{"line":75,"column":7}},{"start":{"line":71,"column":6},"end":{"line":75,"column":7}}],"line":71},"11":{"loc":{"start":{"line":76,"column":11},"end":{"line":94,"column":5}},"type":"if","locations":[{"start":{"line":76,"column":11},"end":{"line":94,"column":5}},{"start":{"line":76,"column":11},"end":{"line":94,"column":5}}],"line":76},"12":{"loc":{"start":{"line":77,"column":6},"end":{"line":81,"column":7}},"type":"if","locations":[{"start":{"line":77,"column":6},"end":{"line":81,"column":7}},{"start":{"line":77,"column":6},"end":{"line":81,"column":7}}],"line":77},"13":{"loc":{"start":{"line":82,"column":11},"end":{"line":94,"column":5}},"type":"if","locations":[{"start":{"line":82,"column":11},"end":{"line":94,"column":5}},{"start":{"line":82,"column":11},"end":{"line":94,"column":5}}],"line":82},"14":{"loc":{"start":{"line":83,"column":6},"end":{"line":87,"column":7}},"type":"if","locations":[{"start":{"line":83,"column":6},"end":{"line":87,"column":7}},{"start":{"line":83,"column":6},"end":{"line":87,"column":7}}],"line":83},"15":{"loc":{"start":{"line":88,"column":11},"end":{"line":94,"column":5}},"type":"if","locations":[{"start":{"line":88,"column":11},"end":{"line":94,"column":5}},{"start":{"line":88,"column":11},"end":{"line":94,"column":5}}],"line":88},"16":{"loc":{"start":{"line":89,"column":6},"end":{"line":93,"column":7}},"type":"if","locations":[{"start":{"line":89,"column":6},"end":{"line":93,"column":7}},{"start":{"line":89,"column":6},"end":{"line":93,"column":7}}],"line":89},"17":{"loc":{"start":{"line":114,"column":10},"end":{"line":116,"column":11}},"type":"if","locations":[{"start":{"line":114,"column":10},"end":{"line":116,"column":11}},{"start":{"line":114,"column":10},"end":{"line":116,"column":11}}],"line":114}},"s":{"0":1,"1":1,"2":1,"3":1,"4":1,"5":4,"6":14,"7":14,"8":14,"9":14,"10":14,"11":14,"12":14,"13":1,"14":1,"15":1,"16":1,"17":0,"18":0,"19":0,"20":0,"21":4,"22":4,"23":4,"24":4,"25":4,"26":4,"27":1,"28":1,"29":0,"30":3,"31":1,"32":1,"33":0,"34":2,"35":1,"36":1,"37":0,"38":1,"39":1,"40":1,"41":0,"42":4,"43":4,"44":4,"45":4,"46":4,"47":4,"48":16,"49":12,"50":4,"51":4,"52":1,"53":1,"54":1,"55":1,"56":1,"57":1,"58":1,"59":1,"60":1,"61":1,"62":1,"63":1,"64":1,"65":1,"66":33,"67":33,"68":33,"69":33,"70":33,"71":33,"72":52},"f":{"0":1,"1":1,"2":4,"3":14,"4":1,"5":4,"6":4,"7":16,"8":1,"9":1,"10":1,"11":1,"12":1,"13":33,"14":52},"b":{"0":[1,0],"1":[1,0],"2":[0,1],"3":[0,0],"4":[0,0],"5":[0,0],"6":[0,0],"7":[0,0],"8":[0,0],"9":[1,3],"10":[1,0],"11":[1,2],"12":[1,0],"13":[1,1],"14":[1,0],"15":[1,0],"16":[1,0],"17":[12,4]},"_coverageSchema":"43e27e138ebf9cfc5966b082cf9a028302ed4184","hash":"2c598688a911262d9c3d37591f67cd16c1889a6d"}
,"/Users/student/Desktop/search-bar/client/src/components/Beds.jsx": {"path":"/Users/student/Desktop/search-bar/client/src/components/Beds.jsx","statementMap":{"0":{"start":{"line":5,"column":13},"end":{"line":41,"column":1}},"1":{"start":{"line":6,"column":2},"end":{"line":39,"column":3}},"2":{"start":{"line":7,"column":4},"end":{"line":38,"column":6}},"3":{"start":{"line":40,"column":2},"end":{"line":40,"column":14}}},"fnMap":{"0":{"name":"(anonymous_0)","decl":{"start":{"line":5,"column":13},"end":{"line":5,"column":14}},"loc":{"start":{"line":5,"column":35},"end":{"line":41,"column":1}},"line":5}},"branchMap":{"0":{"loc":{"start":{"line":6,"column":2},"end":{"line":39,"column":3}},"type":"if","locations":[{"start":{"line":6,"column":2},"end":{"line":39,"column":3}},{"start":{"line":6,"column":2},"end":{"line":39,"column":3}}],"line":6}},"s":{"0":1,"1":33,"2":2,"3":31},"f":{"0":33},"b":{"0":[2,31]},"_coverageSchema":"43e27e138ebf9cfc5966b082cf9a028302ed4184","hash":"a10e66acc91f1eedf4f9b56dee670778ecc72c6e"}
,"/Users/student/Desktop/search-bar/client/src/components/HomeType.jsx": {"path":"/Users/student/Desktop/search-bar/client/src/components/HomeType.jsx","statementMap":{"0":{"start":{"line":5,"column":17},"end":{"line":29,"column":1}},"1":{"start":{"line":6,"column":2},"end":{"line":27,"column":3}},"2":{"start":{"line":7,"column":4},"end":{"line":26,"column":6}},"3":{"start":{"line":28,"column":2},"end":{"line":28,"column":14}}},"fnMap":{"0":{"name":"(anonymous_0)","decl":{"start":{"line":5,"column":17},"end":{"line":5,"column":18}},"loc":{"start":{"line":5,"column":39},"end":{"line":29,"column":1}},"line":5}},"branchMap":{"0":{"loc":{"start":{"line":6,"column":2},"end":{"line":27,"column":3}},"type":"if","locations":[{"start":{"line":6,"column":2},"end":{"line":27,"column":3}},{"start":{"line":6,"column":2},"end":{"line":27,"column":3}}],"line":6}},"s":{"0":1,"1":33,"2":9,"3":24},"f":{"0":33},"b":{"0":[9,24]},"_coverageSchema":"43e27e138ebf9cfc5966b082cf9a028302ed4184","hash":"84b8c6905abcda229f43780f29ae2167c947e779"}
,"/Users/student/Desktop/search-bar/client/src/components/Prices.jsx": {"path":"/Users/student/Desktop/search-bar/client/src/components/Prices.jsx","statementMap":{"0":{"start":{"line":7,"column":15},"end":{"line":122,"column":1}},"1":{"start":{"line":8,"column":2},"end":{"line":107,"column":3}},"2":{"start":{"line":9,"column":4},"end":{"line":106,"column":6}},"3":{"start":{"line":108,"column":2},"end":{"line":120,"column":3}},"4":{"start":{"line":109,"column":30},"end":{"line":109,"column":61}},"5":{"start":{"line":110,"column":4},"end":{"line":119,"column":6}},"6":{"start":{"line":121,"column":2},"end":{"line":121,"column":14}}},"fnMap":{"0":{"name":"(anonymous_0)","decl":{"start":{"line":7,"column":15},"end":{"line":7,"column":16}},"loc":{"start":{"line":7,"column":74},"end":{"line":122,"column":1}},"line":7}},"branchMap":{"0":{"loc":{"start":{"line":8,"column":2},"end":{"line":107,"column":3}},"type":"if","locations":[{"start":{"line":8,"column":2},"end":{"line":107,"column":3}},{"start":{"line":8,"column":2},"end":{"line":107,"column":3}}],"line":8},"1":{"loc":{"start":{"line":8,"column":6},"end":{"line":8,"column":37}},"type":"binary-expr","locations":[{"start":{"line":8,"column":6},"end":{"line":8,"column":23}},{"start":{"line":8,"column":27},"end":{"line":8,"column":37}}],"line":8},"2":{"loc":{"start":{"line":108,"column":2},"end":{"line":120,"column":3}},"type":"if","locations":[{"start":{"line":108,"column":2},"end":{"line":120,"column":3}},{"start":{"line":108,"column":2},"end":{"line":120,"column":3}}],"line":108},"3":{"loc":{"start":{"line":108,"column":6},"end":{"line":108,"column":36}},"type":"binary-expr","locations":[{"start":{"line":108,"column":6},"end":{"line":108,"column":23}},{"start":{"line":108,"column":27},"end":{"line":108,"column":36}}],"line":108}},"s":{"0":1,"1":33,"2":4,"3":29,"4":3,"5":3,"6":26},"f":{"0":33},"b":{"0":[4,29],"1":[33,7],"2":[3,26],"3":[29,3]},"_coverageSchema":"43e27e138ebf9cfc5966b082cf9a028302ed4184","hash":"c7c87b2ab7beadbf3e7bced3425d66acba896414"}
,"/Users/student/Desktop/search-bar/client/src/utils/highSpanChange.jsx": {"path":"/Users/student/Desktop/search-bar/client/src/utils/highSpanChange.jsx","statementMap":{"0":{"start":{"line":6,"column":20},"end":{"line":23,"column":1}},"1":{"start":{"line":7,"column":2},"end":{"line":7,"column":12}},"2":{"start":{"line":8,"column":21},"end":{"line":8,"column":24}},"3":{"start":{"line":9,"column":2},"end":{"line":16,"column":3}},"4":{"start":{"line":10,"column":4},"end":{"line":10,"column":33}},"5":{"start":{"line":11,"column":4},"end":{"line":11,"column":24}},"6":{"start":{"line":12,"column":18},"end":{"line":12,"column":24}},"7":{"start":{"line":13,"column":4},"end":{"line":13,"column":34}},"8":{"start":{"line":14,"column":4},"end":{"line":14,"column":23}},"9":{"start":{"line":15,"column":4},"end":{"line":15,"column":15}},"10":{"start":{"line":17,"column":2},"end":{"line":17,"column":31}},"11":{"start":{"line":18,"column":2},"end":{"line":18,"column":22}},"12":{"start":{"line":19,"column":16},"end":{"line":19,"column":22}},"13":{"start":{"line":20,"column":2},"end":{"line":20,"column":32}},"14":{"start":{"line":21,"column":2},"end":{"line":21,"column":21}},"15":{"start":{"line":22,"column":2},"end":{"line":22,"column":13}},"16":{"start":{"line":25,"column":23},"end":{"line":55,"column":1}},"17":{"start":{"line":26,"column":18},"end":{"line":26,"column":20}},"18":{"start":{"line":27,"column":2},"end":{"line":27,"column":33}},"19":{"start":{"line":28,"column":2},"end":{"line":28,"column":24}},"20":{"start":{"line":29,"column":2},"end":{"line":29,"column":17}},"21":{"start":{"line":30,"column":19},"end":{"line":30,"column":37}},"22":{"start":{"line":31,"column":2},"end":{"line":43,"column":4}},"23":{"start":{"line":44,"column":2},"end":{"line":44,"column":24}},"24":{"start":{"line":45,"column":2},"end":{"line":53,"column":3}},"25":{"start":{"line":45,"column":15},"end":{"line":45,"column":16}},"26":{"start":{"line":46,"column":4},"end":{"line":46,"column":19}},"27":{"start":{"line":47,"column":21},"end":{"line":47,"column":39}},"28":{"start":{"line":48,"column":4},"end":{"line":52,"column":6}},"29":{"start":{"line":54,"column":2},"end":{"line":54,"column":17}}},"fnMap":{"0":{"name":"(anonymous_0)","decl":{"start":{"line":6,"column":20},"end":{"line":6,"column":21}},"loc":{"start":{"line":6,"column":27},"end":{"line":23,"column":1}},"line":6},"1":{"name":"(anonymous_1)","decl":{"start":{"line":25,"column":23},"end":{"line":25,"column":24}},"loc":{"start":{"line":25,"column":38},"end":{"line":55,"column":1}},"line":25}},"branchMap":{"0":{"loc":{"start":{"line":9,"column":2},"end":{"line":16,"column":3}},"type":"if","locations":[{"start":{"line":9,"column":2},"end":{"line":16,"column":3}},{"start":{"line":9,"column":2},"end":{"line":16,"column":3}}],"line":9}},"s":{"0":1,"1":27,"2":27,"3":27,"4":0,"5":0,"6":0,"7":0,"8":0,"9":0,"10":27,"11":27,"12":27,"13":27,"14":27,"15":27,"16":1,"17":3,"18":3,"19":3,"20":3,"21":3,"22":3,"23":3,"24":3,"25":3,"26":24,"27":24,"28":24,"29":3},"f":{"0":27,"1":3},"b":{"0":[0,27]},"_coverageSchema":"43e27e138ebf9cfc5966b082cf9a028302ed4184","hash":"1e4560a25b0d94c95a12f5130c327d3e6834ed59"}
}
