{"/Users/benpoling/Documents/GHRPHX01/front-end-stretch/client/src/Main.jsx": {"path":"/Users/benpoling/Documents/GHRPHX01/front-end-stretch/client/src/Main.jsx","statementMap":{"0":{"start":{"line":15,"column":4},"end":{"line":15,"column":12}},"1":{"start":{"line":16,"column":4},"end":{"line":28,"column":6}},"2":{"start":{"line":29,"column":4},"end":{"line":29,"column":47}},"3":{"start":{"line":30,"column":4},"end":{"line":30,"column":57}},"4":{"start":{"line":31,"column":4},"end":{"line":31,"column":59}},"5":{"start":{"line":32,"column":4},"end":{"line":32,"column":45}},"6":{"start":{"line":33,"column":4},"end":{"line":33,"column":49}},"7":{"start":{"line":34,"column":4},"end":{"line":34,"column":47}},"8":{"start":{"line":35,"column":4},"end":{"line":35,"column":49}},"9":{"start":{"line":39,"column":48},"end":{"line":39,"column":58}},"10":{"start":{"line":40,"column":24},"end":{"line":40,"column":30}},"11":{"start":{"line":41,"column":24},"end":{"line":41,"column":30}},"12":{"start":{"line":42,"column":23},"end":{"line":42,"column":32}},"13":{"start":{"line":43,"column":22},"end":{"line":43,"column":26}},"14":{"start":{"line":44,"column":4},"end":{"line":68,"column":5}},"15":{"start":{"line":45,"column":6},"end":{"line":49,"column":7}},"16":{"start":{"line":46,"column":8},"end":{"line":46,"column":27}},"17":{"start":{"line":48,"column":8},"end":{"line":48,"column":28}},"18":{"start":{"line":50,"column":11},"end":{"line":68,"column":5}},"19":{"start":{"line":51,"column":6},"end":{"line":55,"column":7}},"20":{"start":{"line":52,"column":8},"end":{"line":52,"column":25}},"21":{"start":{"line":54,"column":8},"end":{"line":54,"column":26}},"22":{"start":{"line":56,"column":11},"end":{"line":68,"column":5}},"23":{"start":{"line":57,"column":6},"end":{"line":61,"column":7}},"24":{"start":{"line":58,"column":8},"end":{"line":58,"column":26}},"25":{"start":{"line":60,"column":8},"end":{"line":60,"column":27}},"26":{"start":{"line":62,"column":11},"end":{"line":68,"column":5}},"27":{"start":{"line":63,"column":6},"end":{"line":67,"column":7}},"28":{"start":{"line":64,"column":8},"end":{"line":64,"column":27}},"29":{"start":{"line":66,"column":8},"end":{"line":66,"column":28}},"30":{"start":{"line":69,"column":4},"end":{"line":94,"column":6}},"31":{"start":{"line":78,"column":27},"end":{"line":78,"column":29}},"32":{"start":{"line":79,"column":20},"end":{"line":84,"column":9}},"33":{"start":{"line":85,"column":21},"end":{"line":85,"column":37}},"34":{"start":{"line":86,"column":8},"end":{"line":90,"column":11}},"35":{"start":{"line":87,"column":10},"end":{"line":89,"column":11}},"36":{"start":{"line":88,"column":12},"end":{"line":88,"column":33}},"37":{"start":{"line":91,"column":22},"end":{"line":91,"column":85}},"38":{"start":{"line":92,"column":8},"end":{"line":92,"column":36}},"39":{"start":{"line":98,"column":26},"end":{"line":98,"column":36}},"40":{"start":{"line":99,"column":4},"end":{"line":109,"column":5}},"41":{"start":{"line":100,"column":6},"end":{"line":102,"column":9}},"42":{"start":{"line":104,"column":6},"end":{"line":108,"column":9}},"43":{"start":{"line":113,"column":27},"end":{"line":113,"column":37}},"44":{"start":{"line":114,"column":4},"end":{"line":124,"column":5}},"45":{"start":{"line":115,"column":6},"end":{"line":117,"column":9}},"46":{"start":{"line":119,"column":6},"end":{"line":123,"column":9}},"47":{"start":{"line":128,"column":21},"end":{"line":128,"column":49}},"48":{"start":{"line":129,"column":22},"end":{"line":129,"column":51}},"49":{"start":{"line":130,"column":4},"end":{"line":139,"column":6}},"50":{"start":{"line":136,"column":22},"end":{"line":136,"column":85}},"51":{"start":{"line":137,"column":8},"end":{"line":137,"column":36}},"52":{"start":{"line":143,"column":26},"end":{"line":143,"column":36}},"53":{"start":{"line":144,"column":4},"end":{"line":154,"column":5}},"54":{"start":{"line":145,"column":6},"end":{"line":147,"column":9}},"55":{"start":{"line":149,"column":6},"end":{"line":153,"column":9}},"56":{"start":{"line":158,"column":19},"end":{"line":158,"column":56}},"57":{"start":{"line":159,"column":4},"end":{"line":159,"column":55}},"58":{"start":{"line":160,"column":4},"end":{"line":164,"column":7}},"59":{"start":{"line":168,"column":15},"end":{"line":168,"column":52}},"60":{"start":{"line":169,"column":4},"end":{"line":169,"column":43}},"61":{"start":{"line":170,"column":4},"end":{"line":186,"column":6}},"62":{"start":{"line":177,"column":40},"end":{"line":177,"column":50}},"63":{"start":{"line":178,"column":27},"end":{"line":183,"column":10}},"64":{"start":{"line":184,"column":8},"end":{"line":184,"column":41}},"65":{"start":{"line":190,"column":92},"end":{"line":190,"column":102}},"66":{"start":{"line":191,"column":17},"end":{"line":191,"column":39}},"67":{"start":{"line":192,"column":4},"end":{"line":192,"column":18}},"68":{"start":{"line":193,"column":18},"end":{"line":193,"column":41}},"69":{"start":{"line":194,"column":4},"end":{"line":194,"column":19}},"70":{"start":{"line":195,"column":4},"end":{"line":260,"column":6}}},"fnMap":{"0":{"name":"(anonymous_0)","decl":{"start":{"line":14,"column":2},"end":{"line":14,"column":3}},"loc":{"start":{"line":14,"column":16},"end":{"line":36,"column":3}},"line":14},"1":{"name":"(anonymous_1)","decl":{"start":{"line":38,"column":2},"end":{"line":38,"column":3}},"loc":{"start":{"line":38,"column":16},"end":{"line":95,"column":3}},"line":38},"2":{"name":"(anonymous_2)","decl":{"start":{"line":76,"column":6},"end":{"line":76,"column":7}},"loc":{"start":{"line":76,"column":12},"end":{"line":93,"column":7}},"line":76},"3":{"name":"(anonymous_3)","decl":{"start":{"line":86,"column":21},"end":{"line":86,"column":22}},"loc":{"start":{"line":86,"column":28},"end":{"line":90,"column":9}},"line":86},"4":{"name":"(anonymous_4)","decl":{"start":{"line":97,"column":2},"end":{"line":97,"column":3}},"loc":{"start":{"line":97,"column":14},"end":{"line":110,"column":3}},"line":97},"5":{"name":"(anonymous_5)","decl":{"start":{"line":112,"column":2},"end":{"line":112,"column":3}},"loc":{"start":{"line":112,"column":14},"end":{"line":125,"column":3}},"line":112},"6":{"name":"(anonymous_6)","decl":{"start":{"line":127,"column":2},"end":{"line":127,"column":3}},"loc":{"start":{"line":127,"column":16},"end":{"line":140,"column":3}},"line":127},"7":{"name":"(anonymous_7)","decl":{"start":{"line":135,"column":6},"end":{"line":135,"column":7}},"loc":{"start":{"line":135,"column":12},"end":{"line":138,"column":7}},"line":135},"8":{"name":"(anonymous_8)","decl":{"start":{"line":142,"column":2},"end":{"line":142,"column":3}},"loc":{"start":{"line":142,"column":13},"end":{"line":155,"column":3}},"line":142},"9":{"name":"(anonymous_9)","decl":{"start":{"line":157,"column":2},"end":{"line":157,"column":3}},"loc":{"start":{"line":157,"column":20},"end":{"line":165,"column":3}},"line":157},"10":{"name":"(anonymous_10)","decl":{"start":{"line":167,"column":2},"end":{"line":167,"column":3}},"loc":{"start":{"line":167,"column":21},"end":{"line":187,"column":3}},"line":167},"11":{"name":"(anonymous_11)","decl":{"start":{"line":176,"column":6},"end":{"line":176,"column":7}},"loc":{"start":{"line":176,"column":12},"end":{"line":185,"column":7}},"line":176},"12":{"name":"(anonymous_12)","decl":{"start":{"line":189,"column":2},"end":{"line":189,"column":3}},"loc":{"start":{"line":189,"column":11},"end":{"line":261,"column":3}},"line":189}},"branchMap":{"0":{"loc":{"start":{"line":44,"column":4},"end":{"line":68,"column":5}},"type":"if","locations":[{"start":{"line":44,"column":4},"end":{"line":68,"column":5}},{"start":{"line":44,"column":4},"end":{"line":68,"column":5}}],"line":44},"1":{"loc":{"start":{"line":45,"column":6},"end":{"line":49,"column":7}},"type":"if","locations":[{"start":{"line":45,"column":6},"end":{"line":49,"column":7}},{"start":{"line":45,"column":6},"end":{"line":49,"column":7}}],"line":45},"2":{"loc":{"start":{"line":50,"column":11},"end":{"line":68,"column":5}},"type":"if","locations":[{"start":{"line":50,"column":11},"end":{"line":68,"column":5}},{"start":{"line":50,"column":11},"end":{"line":68,"column":5}}],"line":50},"3":{"loc":{"start":{"line":51,"column":6},"end":{"line":55,"column":7}},"type":"if","locations":[{"start":{"line":51,"column":6},"end":{"line":55,"column":7}},{"start":{"line":51,"column":6},"end":{"line":55,"column":7}}],"line":51},"4":{"loc":{"start":{"line":56,"column":11},"end":{"line":68,"column":5}},"type":"if","locations":[{"start":{"line":56,"column":11},"end":{"line":68,"column":5}},{"start":{"line":56,"column":11},"end":{"line":68,"column":5}}],"line":56},"5":{"loc":{"start":{"line":57,"column":6},"end":{"line":61,"column":7}},"type":"if","locations":[{"start":{"line":57,"column":6},"end":{"line":61,"column":7}},{"start":{"line":57,"column":6},"end":{"line":61,"column":7}}],"line":57},"6":{"loc":{"start":{"line":62,"column":11},"end":{"line":68,"column":5}},"type":"if","locations":[{"start":{"line":62,"column":11},"end":{"line":68,"column":5}},{"start":{"line":62,"column":11},"end":{"line":68,"column":5}}],"line":62},"7":{"loc":{"start":{"line":63,"column":6},"end":{"line":67,"column":7}},"type":"if","locations":[{"start":{"line":63,"column":6},"end":{"line":67,"column":7}},{"start":{"line":63,"column":6},"end":{"line":67,"column":7}}],"line":63},"8":{"loc":{"start":{"line":87,"column":10},"end":{"line":89,"column":11}},"type":"if","locations":[{"start":{"line":87,"column":10},"end":{"line":89,"column":11}},{"start":{"line":87,"column":10},"end":{"line":89,"column":11}}],"line":87},"9":{"loc":{"start":{"line":99,"column":4},"end":{"line":109,"column":5}},"type":"if","locations":[{"start":{"line":99,"column":4},"end":{"line":109,"column":5}},{"start":{"line":99,"column":4},"end":{"line":109,"column":5}}],"line":99},"10":{"loc":{"start":{"line":114,"column":4},"end":{"line":124,"column":5}},"type":"if","locations":[{"start":{"line":114,"column":4},"end":{"line":124,"column":5}},{"start":{"line":114,"column":4},"end":{"line":124,"column":5}}],"line":114},"11":{"loc":{"start":{"line":144,"column":4},"end":{"line":154,"column":5}},"type":"if","locations":[{"start":{"line":144,"column":4},"end":{"line":154,"column":5}},{"start":{"line":144,"column":4},"end":{"line":154,"column":5}}],"line":144}},"s":{"0":14,"1":14,"2":14,"3":14,"4":14,"5":14,"6":14,"7":14,"8":14,"9":4,"10":4,"11":4,"12":4,"13":4,"14":4,"15":1,"16":1,"17":0,"18":3,"19":1,"20":1,"21":0,"22":2,"23":1,"24":1,"25":0,"26":1,"27":1,"28":1,"29":0,"30":4,"31":4,"32":4,"33":4,"34":4,"35":16,"36":16,"37":4,"38":4,"39":0,"40":0,"41":0,"42":0,"43":1,"44":1,"45":0,"46":1,"47":1,"48":1,"49":1,"50":1,"51":1,"52":0,"53":0,"54":0,"55":0,"56":1,"57":1,"58":1,"59":1,"60":1,"61":1,"62":1,"63":1,"64":1,"65":33,"66":33,"67":33,"68":33,"69":33,"70":33},"f":{"0":14,"1":4,"2":4,"3":16,"4":0,"5":1,"6":1,"7":1,"8":0,"9":1,"10":1,"11":1,"12":33},"b":{"0":[1,3],"1":[1,0],"2":[1,2],"3":[1,0],"4":[1,1],"5":[1,0],"6":[1,0],"7":[1,0],"8":[16,0],"9":[0,0],"10":[0,1],"11":[0,0]},"_coverageSchema":"43e27e138ebf9cfc5966b082cf9a028302ed4184","hash":"1b67fa87882517f7e14cf3f5f07d1812ecb117e9"}
,"/Users/benpoling/Documents/GHRPHX01/front-end-stretch/client/src/components/Beds.jsx": {"path":"/Users/benpoling/Documents/GHRPHX01/front-end-stretch/client/src/components/Beds.jsx","statementMap":{"0":{"start":{"line":5,"column":13},"end":{"line":41,"column":1}},"1":{"start":{"line":6,"column":2},"end":{"line":39,"column":3}},"2":{"start":{"line":7,"column":4},"end":{"line":38,"column":6}},"3":{"start":{"line":40,"column":2},"end":{"line":40,"column":14}}},"fnMap":{"0":{"name":"(anonymous_0)","decl":{"start":{"line":5,"column":13},"end":{"line":5,"column":14}},"loc":{"start":{"line":5,"column":40},"end":{"line":41,"column":1}},"line":5}},"branchMap":{"0":{"loc":{"start":{"line":6,"column":2},"end":{"line":39,"column":3}},"type":"if","locations":[{"start":{"line":6,"column":2},"end":{"line":39,"column":3}},{"start":{"line":6,"column":2},"end":{"line":39,"column":3}}],"line":6}},"s":{"0":1,"1":33,"2":2,"3":31},"f":{"0":33},"b":{"0":[2,31]},"_coverageSchema":"43e27e138ebf9cfc5966b082cf9a028302ed4184","hash":"f5f0f412475b5abd907a2e2b53e68e9eb2eadce1"}
,"/Users/benpoling/Documents/GHRPHX01/front-end-stretch/client/src/components/HomeType.jsx": {"path":"/Users/benpoling/Documents/GHRPHX01/front-end-stretch/client/src/components/HomeType.jsx","statementMap":{"0":{"start":{"line":5,"column":17},"end":{"line":29,"column":1}},"1":{"start":{"line":6,"column":2},"end":{"line":27,"column":3}},"2":{"start":{"line":7,"column":4},"end":{"line":26,"column":6}},"3":{"start":{"line":28,"column":2},"end":{"line":28,"column":14}}},"fnMap":{"0":{"name":"(anonymous_0)","decl":{"start":{"line":5,"column":17},"end":{"line":5,"column":18}},"loc":{"start":{"line":5,"column":44},"end":{"line":29,"column":1}},"line":5}},"branchMap":{"0":{"loc":{"start":{"line":6,"column":2},"end":{"line":27,"column":3}},"type":"if","locations":[{"start":{"line":6,"column":2},"end":{"line":27,"column":3}},{"start":{"line":6,"column":2},"end":{"line":27,"column":3}}],"line":6}},"s":{"0":1,"1":33,"2":9,"3":24},"f":{"0":33},"b":{"0":[9,24]},"_coverageSchema":"43e27e138ebf9cfc5966b082cf9a028302ed4184","hash":"a49e2682d6a839352303ecec0ae7f0eb2ef8c83b"}
,"/Users/benpoling/Documents/GHRPHX01/front-end-stretch/client/src/components/Prices.jsx": {"path":"/Users/benpoling/Documents/GHRPHX01/front-end-stretch/client/src/components/Prices.jsx","statementMap":{"0":{"start":{"line":7,"column":15},"end":{"line":123,"column":1}},"1":{"start":{"line":8,"column":2},"end":{"line":108,"column":3}},"2":{"start":{"line":9,"column":4},"end":{"line":107,"column":6}},"3":{"start":{"line":109,"column":2},"end":{"line":121,"column":3}},"4":{"start":{"line":110,"column":30},"end":{"line":110,"column":61}},"5":{"start":{"line":111,"column":4},"end":{"line":120,"column":6}},"6":{"start":{"line":122,"column":2},"end":{"line":122,"column":14}}},"fnMap":{"0":{"name":"(anonymous_0)","decl":{"start":{"line":7,"column":15},"end":{"line":7,"column":16}},"loc":{"start":{"line":7,"column":75},"end":{"line":123,"column":1}},"line":7}},"branchMap":{"0":{"loc":{"start":{"line":8,"column":2},"end":{"line":108,"column":3}},"type":"if","locations":[{"start":{"line":8,"column":2},"end":{"line":108,"column":3}},{"start":{"line":8,"column":2},"end":{"line":108,"column":3}}],"line":8},"1":{"loc":{"start":{"line":8,"column":6},"end":{"line":8,"column":25}},"type":"binary-expr","locations":[{"start":{"line":8,"column":6},"end":{"line":8,"column":11}},{"start":{"line":8,"column":15},"end":{"line":8,"column":25}}],"line":8},"2":{"loc":{"start":{"line":109,"column":2},"end":{"line":121,"column":3}},"type":"if","locations":[{"start":{"line":109,"column":2},"end":{"line":121,"column":3}},{"start":{"line":109,"column":2},"end":{"line":121,"column":3}}],"line":109},"3":{"loc":{"start":{"line":109,"column":6},"end":{"line":109,"column":24}},"type":"binary-expr","locations":[{"start":{"line":109,"column":6},"end":{"line":109,"column":11}},{"start":{"line":109,"column":15},"end":{"line":109,"column":24}}],"line":109}},"s":{"0":1,"1":33,"2":3,"3":30,"4":3,"5":3,"6":27},"f":{"0":33},"b":{"0":[3,30],"1":[33,6],"2":[3,27],"3":[30,3]},"_coverageSchema":"43e27e138ebf9cfc5966b082cf9a028302ed4184","hash":"89c73862ed5a41cf88819211991122418bf2cf62"}
,"/Users/benpoling/Documents/GHRPHX01/front-end-stretch/client/src/utils/highSpanChange.jsx": {"path":"/Users/benpoling/Documents/GHRPHX01/front-end-stretch/client/src/utils/highSpanChange.jsx","statementMap":{"0":{"start":{"line":6,"column":20},"end":{"line":23,"column":1}},"1":{"start":{"line":7,"column":2},"end":{"line":7,"column":12}},"2":{"start":{"line":8,"column":21},"end":{"line":8,"column":24}},"3":{"start":{"line":9,"column":2},"end":{"line":16,"column":3}},"4":{"start":{"line":10,"column":4},"end":{"line":10,"column":33}},"5":{"start":{"line":11,"column":4},"end":{"line":11,"column":24}},"6":{"start":{"line":12,"column":18},"end":{"line":12,"column":24}},"7":{"start":{"line":13,"column":4},"end":{"line":13,"column":34}},"8":{"start":{"line":14,"column":4},"end":{"line":14,"column":23}},"9":{"start":{"line":15,"column":4},"end":{"line":15,"column":15}},"10":{"start":{"line":17,"column":2},"end":{"line":17,"column":31}},"11":{"start":{"line":18,"column":2},"end":{"line":18,"column":22}},"12":{"start":{"line":19,"column":16},"end":{"line":19,"column":22}},"13":{"start":{"line":20,"column":2},"end":{"line":20,"column":32}},"14":{"start":{"line":21,"column":2},"end":{"line":21,"column":21}},"15":{"start":{"line":22,"column":2},"end":{"line":22,"column":13}},"16":{"start":{"line":25,"column":23},"end":{"line":55,"column":1}},"17":{"start":{"line":26,"column":18},"end":{"line":26,"column":20}},"18":{"start":{"line":27,"column":2},"end":{"line":27,"column":33}},"19":{"start":{"line":28,"column":2},"end":{"line":28,"column":24}},"20":{"start":{"line":29,"column":2},"end":{"line":29,"column":17}},"21":{"start":{"line":30,"column":19},"end":{"line":30,"column":37}},"22":{"start":{"line":31,"column":2},"end":{"line":43,"column":4}},"23":{"start":{"line":44,"column":2},"end":{"line":44,"column":24}},"24":{"start":{"line":45,"column":2},"end":{"line":53,"column":3}},"25":{"start":{"line":45,"column":15},"end":{"line":45,"column":16}},"26":{"start":{"line":46,"column":4},"end":{"line":46,"column":19}},"27":{"start":{"line":47,"column":21},"end":{"line":47,"column":39}},"28":{"start":{"line":48,"column":4},"end":{"line":52,"column":6}},"29":{"start":{"line":54,"column":2},"end":{"line":54,"column":17}}},"fnMap":{"0":{"name":"(anonymous_0)","decl":{"start":{"line":6,"column":20},"end":{"line":6,"column":21}},"loc":{"start":{"line":6,"column":27},"end":{"line":23,"column":1}},"line":6},"1":{"name":"(anonymous_1)","decl":{"start":{"line":25,"column":23},"end":{"line":25,"column":24}},"loc":{"start":{"line":25,"column":38},"end":{"line":55,"column":1}},"line":25}},"branchMap":{"0":{"loc":{"start":{"line":9,"column":2},"end":{"line":16,"column":3}},"type":"if","locations":[{"start":{"line":9,"column":2},"end":{"line":16,"column":3}},{"start":{"line":9,"column":2},"end":{"line":16,"column":3}}],"line":9}},"s":{"0":1,"1":27,"2":27,"3":27,"4":0,"5":0,"6":0,"7":0,"8":0,"9":0,"10":27,"11":27,"12":27,"13":27,"14":27,"15":27,"16":1,"17":3,"18":3,"19":3,"20":3,"21":3,"22":3,"23":3,"24":3,"25":3,"26":24,"27":24,"28":24,"29":3},"f":{"0":27,"1":3},"b":{"0":[0,27]},"_coverageSchema":"43e27e138ebf9cfc5966b082cf9a028302ed4184","hash":"523e6882142fe7a513df22e5676ba7191a958b5f"}
}
