TN:
SF:/Users/benpoling/Documents/GHRPHX01/front-end-stretch/client/src/Main.jsx
FN:6,(anonymous_0)
FN:7,(anonymous_1)
FN:8,(anonymous_2)
FN:11,(anonymous_3)
FN:35,(anonymous_4)
FN:71,(anonymous_5)
FN:90,(anonymous_6)
FN:106,(anonymous_7)
FN:122,(anonymous_8)
FN:128,(anonymous_9)
FN:134,(anonymous_10)
FN:149,(anonymous_11)
FN:158,(anonymous_12)
FN:165,(anonymous_13)
FN:175,(anonymous_14)
FNF:15
FNH:9
FNDA:1,(anonymous_0)
FNDA:1,(anonymous_1)
FNDA:0,(anonymous_2)
FNDA:8,(anonymous_3)
FNDA:0,(anonymous_4)
FNDA:0,(anonymous_5)
FNDA:0,(anonymous_6)
FNDA:1,(anonymous_7)
FNDA:1,(anonymous_8)
FNDA:1,(anonymous_9)
FNDA:0,(anonymous_10)
FNDA:0,(anonymous_11)
FNDA:1,(anonymous_12)
FNDA:1,(anonymous_13)
FNDA:16,(anonymous_14)
DA:6,1
DA:7,1
DA:8,1
DA:12,8
DA:13,8
DA:26,8
DA:27,8
DA:28,8
DA:29,8
DA:30,8
DA:31,8
DA:32,8
DA:36,0
DA:37,0
DA:38,0
DA:39,0
DA:40,0
DA:41,0
DA:42,0
DA:43,0
DA:45,0
DA:47,0
DA:48,0
DA:49,0
DA:51,0
DA:53,0
DA:54,0
DA:55,0
DA:57,0
DA:59,0
DA:60,0
DA:61,0
DA:63,0
DA:66,0
DA:72,0
DA:73,0
DA:74,0
DA:80,0
DA:81,0
DA:82,0
DA:85,0
DA:86,0
DA:91,0
DA:92,0
DA:93,0
DA:95,0
DA:96,0
DA:100,0
DA:107,1
DA:108,1
DA:109,0
DA:111,1
DA:112,0
DA:116,1
DA:123,1
DA:124,1
DA:125,1
DA:129,1
DA:130,1
DA:135,0
DA:136,0
DA:137,0
DA:139,0
DA:140,0
DA:144,0
DA:150,0
DA:151,0
DA:152,0
DA:159,1
DA:160,1
DA:161,1
DA:166,1
DA:167,1
DA:171,1
DA:176,16
DA:177,16
DA:178,16
DA:179,16
DA:180,16
DA:181,16
LF:80
LH:33
BRDA:41,0,0,0
BRDA:41,0,1,0
BRDA:42,1,0,0
BRDA:42,1,1,0
BRDA:47,2,0,0
BRDA:47,2,1,0
BRDA:48,3,0,0
BRDA:48,3,1,0
BRDA:53,4,0,0
BRDA:53,4,1,0
BRDA:54,5,0,0
BRDA:54,5,1,0
BRDA:59,6,0,0
BRDA:59,6,1,0
BRDA:60,7,0,0
BRDA:60,7,1,0
BRDA:81,8,0,0
BRDA:81,8,1,0
BRDA:92,9,0,0
BRDA:92,9,1,0
BRDA:92,10,0,0
BRDA:92,10,1,0
BRDA:95,11,0,0
BRDA:95,11,1,0
BRDA:108,12,0,0
BRDA:108,12,1,1
BRDA:108,13,0,1
BRDA:108,13,1,1
BRDA:111,14,0,0
BRDA:111,14,1,1
BRDA:136,15,0,0
BRDA:136,15,1,0
BRDA:136,16,0,0
BRDA:136,16,1,0
BRDA:139,17,0,0
BRDA:139,17,1,0
BRF:36
BRH:4
end_of_record
TN:
SF:/Users/benpoling/Documents/GHRPHX01/front-end-stretch/client/src/components/Beds.jsx
FN:3,(anonymous_0)
FNF:1
FNH:1
FNDA:16,(anonymous_0)
DA:3,1
DA:4,16
DA:5,2
DA:17,14
LF:4
LH:4
BRDA:4,0,0,2
BRDA:4,0,1,14
BRDA:4,1,0,16
BRDA:4,1,1,12
BRDA:4,1,2,2
BRF:5
BRH:5
end_of_record
TN:
SF:/Users/benpoling/Documents/GHRPHX01/front-end-stretch/client/src/components/HomeType.jsx
FN:3,(anonymous_0)
FNF:1
FNH:1
FNDA:16,(anonymous_0)
DA:3,1
DA:4,16
DA:5,0
DA:14,16
LF:4
LH:3
BRDA:4,0,0,0
BRDA:4,0,1,16
BRDA:4,1,0,16
BRDA:4,1,1,14
BRDA:4,1,2,10
BRF:5
BRH:4
end_of_record
TN:
SF:/Users/benpoling/Documents/GHRPHX01/front-end-stretch/client/src/components/Prices.jsx
FN:4,(anonymous_0)
FNF:1
FNH:1
FNDA:16,(anonymous_0)
DA:4,1
DA:5,16
DA:6,2
DA:24,14
DA:25,2
DA:26,2
DA:37,12
LF:7
LH:7
BRDA:5,0,0,2
BRDA:5,0,1,14
BRDA:5,1,0,16
BRDA:5,1,1,4
BRDA:5,1,2,2
BRDA:24,2,0,2
BRDA:24,2,1,12
BRDA:24,3,0,14
BRDA:24,3,1,2
BRDA:24,3,2,2
BRF:10
BRH:10
end_of_record
TN:
SF:/Users/benpoling/Documents/GHRPHX01/front-end-stretch/client/src/utils/highSpanChange.jsx
FN:3,(anonymous_0)
FN:23,(anonymous_1)
FNF:2
FNH:2
FNDA:18,(anonymous_0)
FNDA:2,(anonymous_1)
DA:3,1
DA:4,18
DA:5,18
DA:6,18
DA:7,0
DA:8,0
DA:9,0
DA:10,0
DA:11,0
DA:12,0
DA:14,18
DA:15,18
DA:16,18
DA:17,18
DA:18,18
DA:19,18
DA:23,1
DA:24,2
DA:25,2
DA:26,2
DA:27,2
DA:28,2
DA:29,2
DA:34,2
DA:35,2
DA:36,16
DA:37,16
DA:38,16
DA:44,2
LF:29
LH:23
BRDA:6,0,0,0
BRDA:6,0,1,18
BRF:2
BRH:1
end_of_record
