TN:
SF:/Users/benpoling/Documents/GHRPHX01/front-end-stretch/client/src/Main.jsx
FN:6,(anonymous_0)
FN:7,(anonymous_1)
FN:8,(anonymous_2)
FN:11,(anonymous_3)
FN:35,(anonymous_4)
FN:71,(anonymous_5)
FN:90,(anonymous_6)
FN:106,(anonymous_7)
FN:122,(anonymous_8)
FN:128,(anonymous_9)
FN:134,(anonymous_10)
FN:149,(anonymous_11)
FN:158,(anonymous_12)
FN:165,(anonymous_13)
FN:175,(anonymous_14)
FNF:15
FNH:13
FNDA:1,(anonymous_0)
FNDA:1,(anonymous_1)
FNDA:4,(anonymous_2)
FNDA:14,(anonymous_3)
FNDA:4,(anonymous_4)
FNDA:4,(anonymous_5)
FNDA:0,(anonymous_6)
FNDA:1,(anonymous_7)
FNDA:1,(anonymous_8)
FNDA:1,(anonymous_9)
FNDA:0,(anonymous_10)
FNDA:1,(anonymous_11)
FNDA:1,(anonymous_12)
FNDA:1,(anonymous_13)
FNDA:33,(anonymous_14)
DA:6,1
DA:7,1
DA:8,4
DA:12,14
DA:13,14
DA:26,14
DA:27,14
DA:28,14
DA:29,14
DA:30,14
DA:31,14
DA:32,14
DA:36,4
DA:37,4
DA:38,4
DA:39,4
DA:40,4
DA:41,4
DA:42,1
DA:43,1
DA:45,0
DA:47,3
DA:48,1
DA:49,1
DA:51,0
DA:53,2
DA:54,1
DA:55,1
DA:57,0
DA:59,1
DA:60,1
DA:61,1
DA:63,0
DA:66,4
DA:72,4
DA:73,4
DA:74,4
DA:80,4
DA:81,16
DA:82,12
DA:85,4
DA:86,4
DA:91,0
DA:92,0
DA:93,0
DA:95,0
DA:96,0
DA:100,0
DA:107,1
DA:108,1
DA:109,0
DA:111,1
DA:112,0
DA:116,1
DA:123,1
DA:124,1
DA:125,1
DA:129,1
DA:130,1
DA:135,0
DA:136,0
DA:137,0
DA:139,0
DA:140,0
DA:144,0
DA:150,1
DA:151,1
DA:152,1
DA:159,1
DA:160,1
DA:161,1
DA:166,1
DA:167,1
DA:171,1
DA:176,33
DA:177,33
DA:178,33
DA:179,33
DA:180,33
DA:181,33
LF:80
LH:62
BRDA:41,0,0,1
BRDA:41,0,1,3
BRDA:42,1,0,1
BRDA:42,1,1,0
BRDA:47,2,0,1
BRDA:47,2,1,2
BRDA:48,3,0,1
BRDA:48,3,1,0
BRDA:53,4,0,1
BRDA:53,4,1,1
BRDA:54,5,0,1
BRDA:54,5,1,0
BRDA:59,6,0,1
BRDA:59,6,1,0
BRDA:60,7,0,1
BRDA:60,7,1,0
BRDA:81,8,0,12
BRDA:81,8,1,4
BRDA:92,9,0,0
BRDA:92,9,1,0
BRDA:92,10,0,0
BRDA:92,10,1,0
BRDA:95,11,0,0
BRDA:95,11,1,0
BRDA:108,12,0,0
BRDA:108,12,1,1
BRDA:108,13,0,1
BRDA:108,13,1,1
BRDA:111,14,0,0
BRDA:111,14,1,1
BRDA:136,15,0,0
BRDA:136,15,1,0
BRDA:136,16,0,0
BRDA:136,16,1,0
BRDA:139,17,0,0
BRDA:139,17,1,0
BRF:36
BRH:17
end_of_record
TN:
SF:/Users/benpoling/Documents/GHRPHX01/front-end-stretch/client/src/components/Beds.jsx
FN:3,(anonymous_0)
FNF:1
FNH:1
FNDA:33,(anonymous_0)
DA:3,1
DA:4,33
DA:5,2
DA:17,31
LF:4
LH:4
BRDA:4,0,0,2
BRDA:4,0,1,31
BRDA:4,1,0,33
BRDA:4,1,1,27
BRDA:4,1,2,2
BRF:5
BRH:5
end_of_record
TN:
SF:/Users/benpoling/Documents/GHRPHX01/front-end-stretch/client/src/components/HomeType.jsx
FN:3,(anonymous_0)
FNF:1
FNH:1
FNDA:33,(anonymous_0)
DA:3,1
DA:4,33
DA:5,9
DA:14,24
LF:4
LH:4
BRDA:4,0,0,9
BRDA:4,0,1,24
BRDA:4,1,0,33
BRDA:4,1,1,31
BRDA:4,1,2,25
BRF:5
BRH:5
end_of_record
TN:
SF:/Users/benpoling/Documents/GHRPHX01/front-end-stretch/client/src/components/Prices.jsx
FN:4,(anonymous_0)
FNF:1
FNH:1
FNDA:33,(anonymous_0)
DA:4,1
DA:5,33
DA:6,3
DA:24,30
DA:25,3
DA:26,3
DA:37,27
LF:7
LH:7
BRDA:5,0,0,3
BRDA:5,0,1,30
BRDA:5,1,0,33
BRDA:5,1,1,6
BRDA:5,1,2,3
BRDA:24,2,0,3
BRDA:24,2,1,27
BRDA:24,3,0,30
BRDA:24,3,1,3
BRDA:24,3,2,3
BRF:10
BRH:10
end_of_record
TN:
SF:/Users/benpoling/Documents/GHRPHX01/front-end-stretch/client/src/utils/highSpanChange.jsx
FN:3,(anonymous_0)
FN:23,(anonymous_1)
FNF:2
FNH:2
FNDA:27,(anonymous_0)
FNDA:3,(anonymous_1)
DA:3,1
DA:4,27
DA:5,27
DA:6,27
DA:7,0
DA:8,0
DA:9,0
DA:10,0
DA:11,0
DA:12,0
DA:14,27
DA:15,27
DA:16,27
DA:17,27
DA:18,27
DA:19,27
DA:23,1
DA:24,3
DA:25,3
DA:26,3
DA:27,3
DA:28,3
DA:29,3
DA:34,3
DA:35,3
DA:36,24
DA:37,24
DA:38,24
DA:44,3
LF:29
LH:23
BRDA:6,0,0,0
BRDA:6,0,1,27
BRF:2
BRH:1
end_of_record
